2026-02-25 20:34:29,082 - INFO - 系统启动：开始构建 MRM 逆向设计 DSE 引擎...
2026-02-25 20:34:29,086 - INFO - 成功加载系统参数配置。
2026-02-25 20:34:29,087 - INFO - -> 阶段一：开始随机探索 (Exploration)，采样点数: 5
2026-02-25 20:34:29,089 - INFO - -> 阶段二：开始贝叶斯智能寻优 (Active Learning)，迭代次数: 20
2026-02-25 20:34:31,427 - INFO - =============================================
2026-02-25 20:34:31,427 - INFO - 逆向设计优化圆满完成！
2026-02-25 20:34:31,427 - INFO - 最高 FoM 得分: 10.7597
2026-02-25 20:34:31,427 - INFO - 最佳几何参数: 半径 = 9.85 um, 间距 = 222.93 nm
2026-02-25 20:36:52,479 - INFO - 系统启动：开始构建 MRM 逆向设计 DSE 引擎...
2026-02-25 20:36:52,481 - INFO - 成功加载系统参数配置。
2026-02-25 20:36:52,482 - INFO - -> 阶段一：开始随机探索 (Exploration)，采样点数: 10
2026-02-25 20:36:52,483 - INFO - -> 阶段二：开始贝叶斯智能寻优 (Active Learning)，迭代次数: 200
2026-02-25 20:38:37,450 - INFO - =============================================
2026-02-25 20:38:37,450 - INFO - 逆向设计优化圆满完成！
2026-02-25 20:38:37,450 - INFO - 最高 FoM 得分: 19.5438
2026-02-25 20:38:37,451 - INFO - 最佳几何参数: 半径 = 9.98 um, 间距 = 199.98 nm
2026-02-25 20:42:42,601 - INFO - 系统启动：开始构建 MRM 逆向设计 DSE 引擎...
2026-02-25 20:42:42,603 - INFO - 成功加载系统参数配置。
2026-02-25 20:42:42,604 - INFO - -> 阶段一：开始随机探索 (Exploration)，采样点数: 10
2026-02-25 20:42:42,608 - INFO - -> 阶段二：开始贝叶斯智能寻优 (Active Learning)，迭代次数: 200
2026-02-25 20:44:31,233 - INFO - =============================================
2026-02-25 20:44:31,234 - INFO - 逆向设计优化圆满完成！
2026-02-25 20:44:31,234 - INFO - 最高 FoM 得分: 19.5438
2026-02-25 20:44:31,234 - INFO - 最佳几何参数: 半径 = 9.98 um, 间距 = 199.98 nm
2026-02-25 20:44:31,234 - INFO - 正在生成 DSE 寻优轨迹可视化图表...
2026-02-25 20:58:48,449 - INFO - 系统启动：开始构建 MRM 逆向设计 DSE 引擎...
2026-02-25 20:58:48,452 - INFO - 成功加载系统参数配置。
2026-02-27 14:33:42,247 - INFO - 系统启动：开始构建 MRM 逆向设计 DSE 引擎...
2026-02-27 14:33:42,250 - INFO - 成功加载系统参数配置。
2026-02-27 14:36:20,678 - INFO - 系统启动：开始构建 MRM 逆向设计 DSE 引擎...
2026-02-27 14:36:20,680 - INFO - 成功加载系统参数配置。
2026-02-27 14:37:37,069 - INFO - 系统启动：开始构建 MRM 逆向设计 DSE 引擎...
2026-02-27 14:37:37,070 - INFO - 成功加载系统参数配置。
2026-02-27 14:38:01,710 - INFO - 系统启动：开始构建 MRM 逆向设计 DSE 引擎...
2026-02-27 14:38:01,711 - INFO - 成功加载系统参数配置。
2026-02-27 14:40:07,962 - INFO - 系统启动：开始构建 MRM 逆向设计 DSE 引擎...
2026-02-27 14:40:07,964 - INFO - 成功加载系统参数配置。
2026-02-27 14:41:00,249 - INFO - 系统启动：开始构建 MRM 逆向设计 DSE 引擎...
2026-02-27 14:41:00,251 - INFO - 成功加载系统参数配置。
2026-02-27 14:41:04,730 - INFO - -> 阶段一：开始随机探索 (Exploration)，采样点数: 2
2026-02-27 14:50:06,185 - INFO - -> 阶段二：开始贝叶斯智能寻优 (Active Learning)，迭代次数: 5
2026-02-27 15:09:31,926 - INFO - =============================================
2026-02-27 15:09:31,929 - INFO - 逆向设计优化圆满完成！
2026-02-27 15:09:31,929 - INFO - 最高 FoM 得分: 5.0600
2026-02-27 15:09:31,930 - INFO - 最佳几何参数: 半径 = 5.19 um, 间距 = 299.37 nm
2026-02-27 15:09:31,930 - INFO - 正在关闭底层物理仿真引擎...
2026-02-27 15:09:32,557 - INFO - 正在生成 DSE 寻优轨迹可视化图表...
2026-02-27 15:18:20,997 - INFO - 系统启动：开始构建 MRM 逆向设计 DSE 引擎...
2026-02-27 15:18:20,999 - INFO - 成功加载系统参数配置。
2026-02-27 15:18:25,651 - INFO - -> 阶段一：开始随机探索 (Exploration)，采样点数: 2
2026-02-27 15:21:11,284 - INFO - 系统启动：开始构建 MRM 逆向设计 DSE 引擎...
2026-02-27 15:21:11,286 - INFO - 成功加载系统参数配置。
2026-02-27 15:21:15,776 - INFO - -> 阶段一：开始随机探索 (Exploration)，采样点数: 2
2026-02-27 15:22:07,766 - INFO - 系统启动：开始构建 MRM 逆向设计 DSE 引擎...
2026-02-27 15:22:07,767 - INFO - 成功加载系统参数配置。
2026-02-27 15:22:12,273 - INFO - -> 阶段一：开始随机探索 (Exploration)，采样点数: 1
2026-02-27 15:26:49,608 - INFO - -> 阶段二：开始贝叶斯智能寻优 (Active Learning)，迭代次数: 1
2026-02-27 15:31:23,525 - INFO - =============================================
2026-02-27 15:31:23,525 - INFO - 逆向设计优化圆满完成！
2026-02-27 15:31:23,526 - INFO - 最高 FoM 得分: 0.0087
2026-02-27 15:31:23,526 - INFO - 最佳几何参数: 半径 = 10.31 um, 间距 = 234.59 nm
2026-02-27 15:31:23,526 - INFO - 正在关闭底层物理仿真引擎...
2026-02-27 15:31:23,792 - INFO - 正在生成 DSE 寻优轨迹可视化图表...
2026-03-17 20:30:51,325 - INFO - 系统启动：开始构建 MRM 逆向设计 DSE 引擎...
2026-03-17 20:30:51,329 - INFO - 成功加载系统参数配置。
2026-03-17 20:30:57,049 - INFO - -> 阶段一：开始随机探索 (Exploration)，采样点数: 5
2026-03-19 17:55:49,153 - INFO - 系统启动：开始构建 MRM 逆向设计 DSE 引擎...
2026-03-19 17:55:49,156 - INFO - 成功加载系统参数配置。
2026-03-19 17:55:57,021 - INFO - -> 阶段一：开始随机探索 (Exploration)，采样点数: 5
