Ansys Lumerical 2023 R2.2 FDTD Solver Version 8.30.3536 (Windows 64bit)
 expires (month/day/year): 12/31/2035
using config file: Ansys Licensing set with ANSYSLMD_LICENSE_FILE
license host: 1055@localhost
current time: 周五 2月 27 15:26:50 2026
Running on host: WUTHERBOOK
host available memory (GB): 6.430622
All processes are communicating and ready to proceed to simulation...
Running fsp file: D:\Program Files\Lumerical\v232\bin\fdtd-engine.exe -t 1 -remote -shared-solve-license QU5TWVNfTElDRU5TSU5HX0NPTlRFWFRfREFUQT08QU5TWVNfTElDRU5TSU5HX0NPTlRFWFRfREFUQT48SUQ+NmY3MzNiZjktNTc0Ny00NTlkLWFlZDktNDRiMGRjMGVmOWIxPC9JRD48VFlQRT5IUENfUEFSQU1FVFJJQzwvVFlQRT48TkFNRT5IUEMgUGFyYW1ldHJpYzwvTkFNRT48SEFORExFUj42MDE1MUBXVVRIRVJCT09LPC9IQU5ETEVSPjwvQU5TWVNfTElDRU5TSU5HX0NPTlRFWFRfREFUQT4K D:/MRM_Inverse_Design/data/mrm_base_template.fsp
Starting meshing
Simulation size in gridpoints: 1 x 34 x 18
Refined 0 mesh cells (0%)
Completed meshing!
Meshing complete in 0 seconds of CPU time
Starting meshing
Simulation size in gridpoints: 1 x 34 x 18
Refined 0 mesh cells (0%)
Completed meshing!
Meshing complete in 0 seconds of CPU time
Starting meshing
Simulation size in gridpoints: 1 x 34 x 18
Refined 0 mesh cells (0%)
Completed meshing!
Meshing complete in 0 seconds of CPU time
number of processors is 1
processors are distributed as: 1x1x1
Running 3D Simulation
Starting meshing
Simulation size in gridpoints: 434 x 340 x 32
Refined 0 mesh cells (0%)
Completed meshing!
Meshing complete in 0.625 seconds of CPU time
0 0
Starting meshing
Simulation size in gridpoints: 434 x 340 x 32
Refined 0 mesh cells (0%)
Completed meshing!
Meshing complete in 0.65625 seconds of CPU time
0 0
Starting meshing
Simulation size in gridpoints: 434 x 340 x 32
Refined 0 mesh cells (0%)
Completed meshing!
Meshing complete in 0.59375 seconds of CPU time
0 0
finished material properties
Meshing Time: 3.29329 seconds, Init Electrical Material Time: 0.400387 seconds, Init Magnetic Material Time: 0.0046897
Using selected optimization level: 2
Selecting 3d kernel for splitFieldDirection=0 and optLevel=2
-----------------------------------------
Beginning initialization of 3D Simulation
Starting to add sources to simulation
Adding 3D Mode source propagating in X
Starting to add boundary conditions to simulation
Adding 3D PML BC
Adding 3D PML BC
Adding 3D PML BC
Adding 3D PML BC
Adding 3D PML BC
Adding 3D PML BC
Starting to add monitors to Simulation
Adding analysis monitor
Adding 3D DFT monitor
Finished initialization of 3D Simulation
-----------------------------------------
All processes are communicating and ready to proceed to simulation...
Starting 7305 total iterations
0.657106% complete. Elapsed simulation time: 6.57106e-15 secs. Max time remaining: 4 mins, 22 secs. Auto Shutoff: 1
1.97132% complete. Elapsed simulation time: 1.97132e-14 secs. Max time remaining: 4 mins, 20 secs. Auto Shutoff: 1
3.28553% complete. Elapsed simulation time: 3.28553e-14 secs. Max time remaining: 4 mins, 16 secs. Auto Shutoff: 1
4.59974% complete. Elapsed simulation time: 4.59974e-14 secs. Max time remaining: 4 mins, 13 secs. Auto Shutoff: 1
5.91395% complete. Elapsed simulation time: 5.91395e-14 secs. Max time remaining: 4 mins, 9 secs. Auto Shutoff: 1
7.22817% complete. Elapsed simulation time: 7.22817e-14 secs. Max time remaining: 4 mins, 6 secs. Auto Shutoff: 0.997457
8.54238% complete. Elapsed simulation time: 8.54238e-14 secs. Max time remaining: 4 mins, 2 secs. Auto Shutoff: 0.996822
9.85659% complete. Elapsed simulation time: 9.85659e-14 secs. Max time remaining: 3 mins, 59 secs. Auto Shutoff: 0.996504
11.1708% complete. Elapsed simulation time: 1.11708e-13 secs. Max time remaining: 3 mins, 55 secs. Auto Shutoff: 0.9964
12.485% complete. Elapsed simulation time: 1.2485e-13 secs. Max time remaining: 3 mins, 51 secs. Auto Shutoff: 0.9964
13.7992% complete. Elapsed simulation time: 1.37992e-13 secs. Max time remaining: 3 mins, 48 secs. Auto Shutoff: 0.996311
15.1134% complete. Elapsed simulation time: 1.51134e-13 secs. Max time remaining: 3 mins, 44 secs. Auto Shutoff: 0.996234
16.4277% complete. Elapsed simulation time: 1.64277e-13 secs. Max time remaining: 3 mins, 41 secs. Auto Shutoff: 0.99622
17.7419% complete. Elapsed simulation time: 1.77419e-13 secs. Max time remaining: 3 mins, 37 secs. Auto Shutoff: 0.996215
19.0561% complete. Elapsed simulation time: 1.90561e-13 secs. Max time remaining: 3 mins, 34 secs. Auto Shutoff: 0.996209
20.3703% complete. Elapsed simulation time: 2.03703e-13 secs. Max time remaining: 3 mins, 30 secs. Auto Shutoff: 0.996201
21.6845% complete. Elapsed simulation time: 2.16845e-13 secs. Max time remaining: 3 mins, 27 secs. Auto Shutoff: 0.996207
22.9987% complete. Elapsed simulation time: 2.29987e-13 secs. Max time remaining: 3 mins, 24 secs. Auto Shutoff: 0.996203
24.3129% complete. Elapsed simulation time: 2.43129e-13 secs. Max time remaining: 3 mins, 20 secs. Auto Shutoff: 0.996232
25.6271% complete. Elapsed simulation time: 2.56271e-13 secs. Max time remaining: 3 mins, 17 secs. Auto Shutoff: 0.996121
26.9413% complete. Elapsed simulation time: 2.69413e-13 secs. Max time remaining: 3 mins, 13 secs. Auto Shutoff: 0.996268
28.2556% complete. Elapsed simulation time: 2.82556e-13 secs. Max time remaining: 3 mins, 10 secs. Auto Shutoff: 0.996207
29.5698% complete. Elapsed simulation time: 2.95698e-13 secs. Max time remaining: 3 mins, 6 secs. Auto Shutoff: 0.996166
30.884% complete. Elapsed simulation time: 3.0884e-13 secs. Max time remaining: 3 mins, 3 secs. Auto Shutoff: 0.996117
32.1982% complete. Elapsed simulation time: 3.21982e-13 secs. Max time remaining: 2 mins, 59 secs. Auto Shutoff: 0.996196
33.5124% complete. Elapsed simulation time: 3.35124e-13 secs. Max time remaining: 2 mins, 56 secs. Auto Shutoff: 0.996177
34.8266% complete. Elapsed simulation time: 3.48266e-13 secs. Max time remaining: 2 mins, 52 secs. Auto Shutoff: 0.996159
36.1408% complete. Elapsed simulation time: 3.61408e-13 secs. Max time remaining: 2 mins, 49 secs. Auto Shutoff: 0.996131
37.455% complete. Elapsed simulation time: 3.7455e-13 secs. Max time remaining: 2 mins, 45 secs. Auto Shutoff: 0.996111
38.7693% complete. Elapsed simulation time: 3.87693e-13 secs. Max time remaining: 2 mins, 42 secs. Auto Shutoff: 0.996111
40.0835% complete. Elapsed simulation time: 4.00835e-13 secs. Max time remaining: 2 mins, 39 secs. Auto Shutoff: 0.99612
41.3977% complete. Elapsed simulation time: 4.13977e-13 secs. Max time remaining: 2 mins, 35 secs. Auto Shutoff: 0.996021
42.7119% complete. Elapsed simulation time: 4.27119e-13 secs. Max time remaining: 2 mins, 32 secs. Auto Shutoff: 0.996065
44.0261% complete. Elapsed simulation time: 4.40261e-13 secs. Max time remaining: 2 mins, 28 secs. Auto Shutoff: 0.994397
45.3403% complete. Elapsed simulation time: 4.53403e-13 secs. Max time remaining: 2 mins, 25 secs. Auto Shutoff: 0.846257
46.6545% complete. Elapsed simulation time: 4.66545e-13 secs. Max time remaining: 2 mins, 21 secs. Auto Shutoff: 0.294631
47.9687% complete. Elapsed simulation time: 4.79687e-13 secs. Max time remaining: 2 mins, 18 secs. Auto Shutoff: 0.117668
49.283% complete. Elapsed simulation time: 4.9283e-13 secs. Max time remaining: 2 mins, 14 secs. Auto Shutoff: 0.0456006
50.5972% complete. Elapsed simulation time: 5.05972e-13 secs. Max time remaining: 2 mins, 11 secs. Auto Shutoff: 0.018566
51.9114% complete. Elapsed simulation time: 5.19114e-13 secs. Max time remaining: 2 mins, 7 secs. Auto Shutoff: 0.0120043
53.2256% complete. Elapsed simulation time: 5.32256e-13 secs. Max time remaining: 2 mins, 4 secs. Auto Shutoff: 0.0107895
54.5398% complete. Elapsed simulation time: 5.45398e-13 secs. Max time remaining: 2 mins, 0 secs. Auto Shutoff: 0.0106119
55.854% complete. Elapsed simulation time: 5.5854e-13 secs. Max time remaining: 1 min, 57 secs. Auto Shutoff: 0.0104988
57.1682% complete. Elapsed simulation time: 5.71682e-13 secs. Max time remaining: 1 min, 53 secs. Auto Shutoff: 0.0106166
58.4824% complete. Elapsed simulation time: 5.84824e-13 secs. Max time remaining: 1 min, 50 secs. Auto Shutoff: 0.010794
59.7967% complete. Elapsed simulation time: 5.97967e-13 secs. Max time remaining: 1 min, 46 secs. Auto Shutoff: 0.0107297
61.1109% complete. Elapsed simulation time: 6.11109e-13 secs. Max time remaining: 1 min, 43 secs. Auto Shutoff: 0.0107933
62.4251% complete. Elapsed simulation time: 6.24251e-13 secs. Max time remaining: 1 min, 39 secs. Auto Shutoff: 0.0107096
63.7393% complete. Elapsed simulation time: 6.37393e-13 secs. Max time remaining: 1 min, 36 secs. Auto Shutoff: 0.0104484
65.0535% complete. Elapsed simulation time: 6.50535e-13 secs. Max time remaining: 1 min, 32 secs. Auto Shutoff: 0.00988591
66.3677% complete. Elapsed simulation time: 6.63677e-13 secs. Max time remaining: 1 min, 29 secs. Auto Shutoff: 0.00988591
67.6819% complete. Elapsed simulation time: 6.76819e-13 secs. Max time remaining: 1 min, 25 secs. Auto Shutoff: 0.00901207
68.9961% complete. Elapsed simulation time: 6.89961e-13 secs. Max time remaining: 1 min, 22 secs. Auto Shutoff: 0.00819192
70.3103% complete. Elapsed simulation time: 7.03103e-13 secs. Max time remaining: 1 min, 19 secs. Auto Shutoff: 0.00695674
71.6246% complete. Elapsed simulation time: 7.16246e-13 secs. Max time remaining: 1 min, 15 secs. Auto Shutoff: 0.00376166
72.9388% complete. Elapsed simulation time: 7.29388e-13 secs. Max time remaining: 1 min, 12 secs. Auto Shutoff: 0.00162991
74.253% complete. Elapsed simulation time: 7.4253e-13 secs. Max time remaining: 1 min, 8 secs. Auto Shutoff: 0.000757367
75.5672% complete. Elapsed simulation time: 7.55672e-13 secs. Max time remaining: 1 min, 5 secs. Auto Shutoff: 0.000437786
76.8814% complete. Elapsed simulation time: 7.68814e-13 secs. Max time remaining: 1 min, 1 secs. Auto Shutoff: 0.000292434
78.1956% complete. Elapsed simulation time: 7.81956e-13 secs. Max time remaining: 58 secs. Auto Shutoff: 0.000206951
79.5098% complete. Elapsed simulation time: 7.95098e-13 secs. Max time remaining: 54 secs. Auto Shutoff: 0.000159241
80.824% complete. Elapsed simulation time: 8.0824e-13 secs. Max time remaining: 51 secs. Auto Shutoff: 0.000134178
82.1383% complete. Elapsed simulation time: 8.21383e-13 secs. Max time remaining: 47 secs. Auto Shutoff: 0.000121307
83.4525% complete. Elapsed simulation time: 8.34525e-13 secs. Max time remaining: 44 secs. Auto Shutoff: 0.000120386
84.7667% complete. Elapsed simulation time: 8.47667e-13 secs. Max time remaining: 40 secs. Auto Shutoff: 0.00011434
86.0809% complete. Elapsed simulation time: 8.60809e-13 secs. Max time remaining: 37 secs. Auto Shutoff: 0.000109673
87.3951% complete. Elapsed simulation time: 8.73951e-13 secs. Max time remaining: 34 secs. Auto Shutoff: 0.00011171
88.7093% complete. Elapsed simulation time: 8.87093e-13 secs. Max time remaining: 30 secs. Auto Shutoff: 0.000112666
90.0235% complete. Elapsed simulation time: 9.00235e-13 secs. Max time remaining: 27 secs. Auto Shutoff: 0.000107549
91.3377% complete. Elapsed simulation time: 9.13377e-13 secs. Max time remaining: 23 secs. Auto Shutoff: 0.000106521
92.652% complete. Elapsed simulation time: 9.2652e-13 secs. Max time remaining: 20 secs. Auto Shutoff: 0.000106521
93.9662% complete. Elapsed simulation time: 9.39662e-13 secs. Max time remaining: 16 secs. Auto Shutoff: 9.98865e-05
95.2804% complete. Elapsed simulation time: 9.52804e-13 secs. Max time remaining: 13 secs. Auto Shutoff: 9.7336e-05
96.5946% complete. Elapsed simulation time: 9.65946e-13 secs. Max time remaining: 9 secs. Auto Shutoff: 9.3968e-05
97.9088% complete. Elapsed simulation time: 9.79088e-13 secs. Max time remaining: 6 secs. Auto Shutoff: 9.75363e-05
99.223% complete. Elapsed simulation time: 9.9223e-13 secs. Max time remaining: 2 secs. Auto Shutoff: 9.17969e-05
Completed 7305 iterations, or 1.000033e-12s of Simulation Time
Process 0 starting to collect data
    collecting monitor data
    collecting source data
Finished collecting data
Simulation completed successfully at: 周五 2月 27 15:31:21 2026
Overall wall time measurements in seconds: 271.864
    time to mesh and initialize: 3.74943
    time to run FDTD simulation: 267.323
    time to checkpoint simulation: 0
    time to finalize data and save to files: 0.0188355
    miscellaneous time: 0.772614
    FDTD solver speed on process 0: 129.033 Mnodes/s
    total FDTD solver speed on 1 processes: 129.033 Mnodes/s
