Ansys Lumerical 2020 R2 FDTD Solver Version 8.24.2387 (Windows 64bit)
 expires (month/day/year): 12/31/2035
using config file: Ansys Licensing set with ANSYSLMD_LICENSE_FILE
license host: 
current time: Sun Mar 22 18:49:41 2026
Running on host: DESKTOP-8SHT3J5
host available memory (GB): 41.179951
All processes are communicating and ready to proceed to simulation...
Running fsp file: C:\Program Files\Lumerical\v202\bin\fdtd-engine-msmpi.exe -t 1 -remote C:/Users/wzj/Desktop/MRM_Inverse_Design_V1.1-1/data/mrm_dc_template.fsp
Starting meshing
Simulation size in gridpoints: 1 x 25 x 18
Refined 0 mesh cells (0%)
Completed meshing!
Meshing complete in 0 seconds of CPU time
Starting meshing
Simulation size in gridpoints: 1 x 25 x 18
Refined 0 mesh cells (0%)
Completed meshing!
Meshing complete in 0 seconds of CPU time
Starting meshing
Simulation size in gridpoints: 1 x 25 x 18
Refined 0 mesh cells (0%)
Completed meshing!
Meshing complete in 0 seconds of CPU time
number of processors is 20
processors are distributed as: 10x2x1
Running 3D Simulation
Starting meshing
Simulation size in gridpoints: 27 x 38 x 32
Refined 0 mesh cells (0%)
Completed meshing!
Meshing complete in 0.015625 seconds of CPU time
0 0
Starting meshing
Simulation size in gridpoints: 27 x 38 x 32
Refined 0 mesh cells (0%)
Completed meshing!
Meshing complete in 0.03125 seconds of CPU time
0 0
Starting meshing
Simulation size in gridpoints: 27 x 38 x 32
Refined 0 mesh cells (0%)
Completed meshing!
Meshing complete in 0.015625 seconds of CPU time
0 0
finished material properties
Meshing Time: 0.0287301 seconds, Init Electrical Material Time: 0.0034163 seconds, Init Magnetic Material Time: 4.47e-05
Using selected optimization level: 2
Selecting 3d kernel for splitFieldDirection=0 and optLevel=2
-----------------------------------------
Beginning initialization of 3D Simulation
Starting to add sources to simulation
Adding 3D Mode source propagating in X
Starting to add boundary conditions to simulation
Adding 3D PML BC
Adding 3D Parallel BC
Adding 3D PML BC
Adding 3D Parallel BC
Adding 3D PML BC
Adding 3D PML BC
Starting to add monitors to Simulation
Adding analysis monitor
Adding 3D DFT monitor
Adding 3D DFT monitor
Finished initialization of 3D Simulation
-----------------------------------------
All processes are communicating and ready to proceed to simulation...
Starting 7340 total iterations
0.65392% complete. Max time remaining: 5 secs. Auto Shutoff: 1
3.2696% complete. Max time remaining: 5 secs. Auto Shutoff: 1
6.75717% complete. Max time remaining: 4 secs. Auto Shutoff: 1
13.7323% complete. Max time remaining: 4 secs. Auto Shutoff: 0.968665
27.6826% complete. Max time remaining: 3 secs. Auto Shutoff: 0.992792
55.5832% complete. Max time remaining: 2 secs. Auto Shutoff: 0.000341223
68.8932% complete. Max time remaining: 1 secs. Auto Shutoff: 7.143e-06
100% complete. Max time remaining: 0 mins, 0 secs. Auto Shutoff: 7.143e-06
Early termination of simulation, the autoshutoff criteria are satisfied.
Completed 5057 iterations, or 6.889315e-13s of Simulation Time
Process 0 starting to collect data
    collecting monitor data
    collecting source data
Finished collecting data
Simulation completed successfully at: Sun Mar 22 18:49:44 2026
Overall wall time measurements in seconds: 4.24875
    time to mesh and initialize: 0.100897
    time to run FDTD simulation: 2.82421
    time to checkpoint simulation: 3e-07
    time to finalize data and save to files: 0.0128004
    miscellaneous time: 1.31083
    FDTD solver speed on process 0: 58.7885 Mnodes/s
    total FDTD solver speed on 20 processes: 1175.77 Mnodes/s
